<?xml version="1.0" encoding="UTF-8"?>
<!-- Generated by org.testng.reporters.JUnitReportReporter -->
<testsuite hostname="DESKTOP-6G0A344" failures="0" tests="1" name="flipkartTestPkg.flipkartTest" time="30.101" errors="0" timestamp="2023-11-27T23:00:53 IST" skipped="0">
  <testcase classname="flipkartTestPkg.flipkartTest" name="test" time="30.101"/>
  <system-out/>
</testsuite> <!-- flipkartTestPkg.flipkartTest -->
